d:\loginlauncher\loginlauncher\loginlauncher\x64\debug\moc_loginlauncher.obj
d:\loginlauncher\loginlauncher\loginlauncher\x64\debug\fclientmsg.pb.obj
d:\loginlauncher\loginlauncher\loginlauncher\x64\debug\main.obj
d:\loginlauncher\loginlauncher\loginlauncher\x64\debug\common.pb.obj
d:\loginlauncher\loginlauncher\loginlauncher\x64\debug\loginlauncher.obj
d:\loginlauncher\loginlauncher\loginlauncher\x64\debug\vc140.pdb
d:\loginlauncher\loginlauncher\loginlauncher\x64\debug\qrc_loginlauncher.obj
d:\loginlauncher\loginlauncher\loginlauncher\generatedfiles\debug\moc_loginlauncher.cpp
d:\loginlauncher\loginlauncher\loginlauncher\generatedfiles\ui_loginlauncher.h
d:\loginlauncher\loginlauncher\loginlauncher\generatedfiles\qrc_loginlauncher.cpp
d:\loginlauncher\loginlauncher\x64\debug\loginlauncher.ilk
d:\loginlauncher\loginlauncher\x64\debug\loginlauncher.exe
d:\loginlauncher\loginlauncher\x64\debug\loginlauncher.pdb
d:\loginlauncher\loginlauncher\loginlauncher\x64\debug\loginlauncher.tlog\cl.command.1.tlog
d:\loginlauncher\loginlauncher\loginlauncher\x64\debug\loginlauncher.tlog\cl.read.1.tlog
d:\loginlauncher\loginlauncher\loginlauncher\x64\debug\loginlauncher.tlog\cl.write.1.tlog
d:\loginlauncher\loginlauncher\loginlauncher\x64\debug\loginlauncher.tlog\custombuild.command.1.tlog
d:\loginlauncher\loginlauncher\loginlauncher\x64\debug\loginlauncher.tlog\custombuild.read.1.tlog
d:\loginlauncher\loginlauncher\loginlauncher\x64\debug\loginlauncher.tlog\custombuild.write.1.tlog
d:\loginlauncher\loginlauncher\loginlauncher\x64\debug\loginlauncher.tlog\link.command.1.tlog
d:\loginlauncher\loginlauncher\loginlauncher\x64\debug\loginlauncher.tlog\link.read.1.tlog
d:\loginlauncher\loginlauncher\loginlauncher\x64\debug\loginlauncher.tlog\link.write.1.tlog
